<?xml version="1.0" encoding="UTF-8"?>
<testsuite name="ShapeTest" tests="1" skipped="0" failures="0" errors="0" timestamp="2023-02-19T19:45:15" hostname="Khalids-MacBook-Pro.local" time="0.053">
  <properties/>
  <testcase name="shouldGetPerimeterOfCircle()" classname="ShapeTest" time="0.053"/>
  <system-out><![CDATA[]]></system-out>
  <system-err><![CDATA[]]></system-err>
</testsuite>
