<?xml version="1.0" encoding="UTF-8"?>
<testsuite name="RectangleTest" tests="1" skipped="0" failures="0" errors="0" timestamp="2023-02-24T05:55:01" hostname="DESKTOP-NTN3AHR" time="0.011">
  <properties/>
  <testcase name="shouldReturnPerimeterOfRectangle()" classname="RectangleTest" time="0.011"/>
  <system-out><![CDATA[]]></system-out>
  <system-err><![CDATA[]]></system-err>
</testsuite>
