<?xml version="1.0" encoding="UTF-8"?>
<testsuite name="CircleTest" tests="1" skipped="0" failures="0" errors="0" timestamp="2023-02-23T22:40:51" hostname="DESKTOP-NTN3AHR" time="0.011">
  <properties/>
  <testcase name="shouldReturnTrueIfRadiusIsPositive()" classname="CircleTest" time="0.011"/>
  <system-out><![CDATA[]]></system-out>
  <system-err><![CDATA[]]></system-err>
</testsuite>
